[2015-08-28 02:28:52] WebLinks.INFO: Matched route "logout". {"route_parameters":{"_controller":null,"_route":"logout"},"request_uri":"http://weblinks/logout"} []
[2015-08-28 02:28:52] WebLinks.INFO: < 302 http://weblinks/ [] []
[2015-08-28 02:28:52] WebLinks.INFO: Matched route "GET_". {"route_parameters":{"_controller":"WebLinks\\Controller\\HomeController::indexAction","_route":"GET_"},"request_uri":"http://weblinks/"} []
[2015-08-28 02:28:52] WebLinks.INFO: Populated the TokenStorage with an anonymous Token. [] []
[2015-08-28 02:28:52] WebLinks.INFO: > GET / [] []
[2015-08-28 02:28:52] WebLinks.INFO: < 200 [] []
[2015-08-28 02:28:52] WebLinks.INFO: Matched route "_wdt". {"route_parameters":{"_controller":"web_profiler.controller.profiler:toolbarAction","token":"ca0e01","_route":"_wdt"},"request_uri":"http://weblinks/_profiler/wdt/ca0e01"} []
[2015-08-28 02:28:52] WebLinks.INFO: Populated the TokenStorage with an anonymous Token. [] []
[2015-08-28 02:28:52] WebLinks.INFO: > GET /_profiler/wdt/ca0e01 [] []
[2015-08-28 02:28:53] WebLinks.INFO: < 200 [] []
[2015-08-28 02:29:30] WebLinks.INFO: Matched route "_link_submit". {"route_parameters":{"_controller":"WebLinks\\Controller\\AdminController::addLinkAction","_route":"_link_submit"},"request_uri":"http://weblinks/link/submit"} []
[2015-08-28 02:29:30] WebLinks.INFO: Populated the TokenStorage with an anonymous Token. [] []
[2015-08-28 02:29:30] WebLinks.INFO: > GET /link/submit [] []
[2015-08-28 02:29:31] WebLinks.INFO: < 200 [] []
[2015-08-28 02:29:32] WebLinks.INFO: Matched route "_wdt". {"route_parameters":{"_controller":"web_profiler.controller.profiler:toolbarAction","token":"8f0d5c","_route":"_wdt"},"request_uri":"http://weblinks/_profiler/wdt/8f0d5c"} []
[2015-08-28 02:29:32] WebLinks.INFO: Populated the TokenStorage with an anonymous Token. [] []
[2015-08-28 02:29:32] WebLinks.INFO: > GET /_profiler/wdt/8f0d5c [] []
[2015-08-28 02:29:33] WebLinks.INFO: < 200 [] []
[2015-08-28 02:30:07] WebLinks.INFO: Matched route "login". {"route_parameters":{"_controller":"WebLinks\\Controller\\HomeController::loginAction","_route":"login"},"request_uri":"http://weblinks/login"} []
[2015-08-28 02:30:07] WebLinks.INFO: Populated the TokenStorage with an anonymous Token. [] []
[2015-08-28 02:30:07] WebLinks.INFO: > GET /login [] []
[2015-08-28 02:30:07] WebLinks.INFO: < 200 [] []
[2015-08-28 02:30:07] WebLinks.INFO: Matched route "_wdt". {"route_parameters":{"_controller":"web_profiler.controller.profiler:toolbarAction","token":"00674b","_route":"_wdt"},"request_uri":"http://weblinks/_profiler/wdt/00674b"} []
[2015-08-28 02:30:07] WebLinks.INFO: Populated the TokenStorage with an anonymous Token. [] []
[2015-08-28 02:30:07] WebLinks.INFO: > GET /_profiler/wdt/00674b [] []
[2015-08-28 02:30:08] WebLinks.INFO: < 200 [] []
[2015-08-28 02:30:16] WebLinks.INFO: Matched route "login_check". {"route_parameters":{"_controller":null,"_route":"login_check"},"request_uri":"http://weblinks/login_check"} []
[2015-08-28 02:30:16] WebLinks.INFO: User has been authenticated successfully. {"username":"admin"} []
[2015-08-28 02:30:16] WebLinks.INFO: < 302 http://weblinks/ [] []
[2015-08-28 02:30:16] WebLinks.INFO: Matched route "GET_". {"route_parameters":{"_controller":"WebLinks\\Controller\\HomeController::indexAction","_route":"GET_"},"request_uri":"http://weblinks/"} []
[2015-08-28 02:30:16] WebLinks.INFO: > GET / [] []
[2015-08-28 02:30:16] WebLinks.INFO: < 200 [] []
[2015-08-28 02:30:17] WebLinks.INFO: Matched route "_wdt". {"route_parameters":{"_controller":"web_profiler.controller.profiler:toolbarAction","token":"9c6b97","_route":"_wdt"},"request_uri":"http://weblinks/_profiler/wdt/9c6b97"} []
[2015-08-28 02:30:17] WebLinks.INFO: > GET /_profiler/wdt/9c6b97 [] []
[2015-08-28 02:30:18] WebLinks.INFO: < 200 [] []
[2015-08-28 02:30:18] WebLinks.INFO: Matched route "_link_submit". {"route_parameters":{"_controller":"WebLinks\\Controller\\AdminController::addLinkAction","_route":"_link_submit"},"request_uri":"http://weblinks/link/submit"} []
[2015-08-28 02:30:18] WebLinks.INFO: > GET /link/submit [] []
[2015-08-28 02:30:18] WebLinks.INFO: < 200 [] []
[2015-08-28 02:30:19] WebLinks.INFO: Matched route "_wdt". {"route_parameters":{"_controller":"web_profiler.controller.profiler:toolbarAction","token":"85ad4f","_route":"_wdt"},"request_uri":"http://weblinks/_profiler/wdt/85ad4f"} []
[2015-08-28 02:30:19] WebLinks.INFO: > GET /_profiler/wdt/85ad4f [] []
[2015-08-28 02:30:20] WebLinks.INFO: < 200 [] []
[2015-08-28 02:30:23] WebLinks.INFO: Matched route "_link_submit". {"route_parameters":{"_controller":"WebLinks\\Controller\\AdminController::addLinkAction","_route":"_link_submit"},"request_uri":"http://weblinks/link/submit"} []
[2015-08-28 02:30:23] WebLinks.INFO: > GET /link/submit [] []
[2015-08-28 02:30:24] WebLinks.INFO: < 200 [] []
[2015-08-28 02:30:24] WebLinks.INFO: Matched route "_wdt". {"route_parameters":{"_controller":"web_profiler.controller.profiler:toolbarAction","token":"b6ea37","_route":"_wdt"},"request_uri":"http://weblinks/_profiler/wdt/b6ea37"} []
[2015-08-28 02:30:24] WebLinks.INFO: > GET /_profiler/wdt/b6ea37 [] []
[2015-08-28 02:30:25] WebLinks.INFO: Matched route "GET_". {"route_parameters":{"_controller":"WebLinks\\Controller\\HomeController::indexAction","_route":"GET_"},"request_uri":"http://weblinks/"} []
[2015-08-28 02:30:25] WebLinks.INFO: < 200 [] []
[2015-08-28 02:30:25] WebLinks.INFO: > GET / [] []
[2015-08-28 02:30:25] WebLinks.INFO: < 200 [] []
[2015-08-28 02:30:26] WebLinks.INFO: Matched route "_wdt". {"route_parameters":{"_controller":"web_profiler.controller.profiler:toolbarAction","token":"81fb15","_route":"_wdt"},"request_uri":"http://weblinks/_profiler/wdt/81fb15"} []
[2015-08-28 02:30:26] WebLinks.INFO: > GET /_profiler/wdt/81fb15 [] []
[2015-08-28 02:30:27] WebLinks.INFO: < 200 [] []
[2015-08-28 02:30:27] WebLinks.INFO: Matched route "GET_admin". {"route_parameters":{"_controller":"WebLinks\\Controller\\AdminController::indexAction","_route":"GET_admin"},"request_uri":"http://weblinks/admin"} []
[2015-08-28 02:30:27] WebLinks.INFO: > GET /admin [] []
[2015-08-28 02:30:27] WebLinks.INFO: < 200 [] []
[2015-08-28 02:30:27] WebLinks.INFO: Matched route "_wdt". {"route_parameters":{"_controller":"web_profiler.controller.profiler:toolbarAction","token":"ceed7e","_route":"_wdt"},"request_uri":"http://weblinks/_profiler/wdt/ceed7e"} []
[2015-08-28 02:30:27] WebLinks.INFO: > GET /_profiler/wdt/ceed7e [] []
[2015-08-28 02:30:28] WebLinks.INFO: < 200 [] []
[2015-08-28 02:30:30] WebLinks.INFO: Matched route "GET_". {"route_parameters":{"_controller":"WebLinks\\Controller\\HomeController::indexAction","_route":"GET_"},"request_uri":"http://weblinks/"} []
[2015-08-28 02:30:30] WebLinks.INFO: > GET / [] []
[2015-08-28 02:30:30] WebLinks.INFO: < 200 [] []
[2015-08-28 02:30:31] WebLinks.INFO: Matched route "_wdt". {"route_parameters":{"_controller":"web_profiler.controller.profiler:toolbarAction","token":"38cf0c","_route":"_wdt"},"request_uri":"http://weblinks/_profiler/wdt/38cf0c"} []
[2015-08-28 02:30:31] WebLinks.INFO: > GET /_profiler/wdt/38cf0c [] []
[2015-08-28 02:30:32] WebLinks.INFO: < 200 [] []
[2015-08-28 11:28:34] WebLinks.INFO: Matched route "GET_". {"route_parameters":{"_controller":"WebLinks\\Controller\\HomeController::indexAction","_route":"GET_"},"request_uri":"http://weblinks/"} []
[2015-08-28 11:28:35] WebLinks.INFO: Populated the TokenStorage with an anonymous Token. [] []
[2015-08-28 11:28:35] WebLinks.INFO: > GET / [] []
[2015-08-28 11:28:38] WebLinks.INFO: < 200 [] []
[2015-08-28 11:28:40] WebLinks.INFO: Matched route "_wdt". {"route_parameters":{"_controller":"web_profiler.controller.profiler:toolbarAction","token":"35d011","_route":"_wdt"},"request_uri":"http://weblinks/_profiler/wdt/35d011"} []
[2015-08-28 11:28:40] WebLinks.INFO: Populated the TokenStorage with an anonymous Token. [] []
[2015-08-28 11:28:40] WebLinks.INFO: > GET /_profiler/wdt/35d011 [] []
[2015-08-28 11:28:41] WebLinks.INFO: < 200 [] []
[2015-08-28 11:28:43] WebLinks.INFO: Matched route "login". {"route_parameters":{"_controller":"WebLinks\\Controller\\HomeController::loginAction","_route":"login"},"request_uri":"http://weblinks/login"} []
[2015-08-28 11:28:43] WebLinks.INFO: Populated the TokenStorage with an anonymous Token. [] []
[2015-08-28 11:28:43] WebLinks.INFO: > GET /login [] []
[2015-08-28 11:28:43] WebLinks.INFO: < 200 [] []
[2015-08-28 11:28:44] WebLinks.INFO: Matched route "_wdt". {"route_parameters":{"_controller":"web_profiler.controller.profiler:toolbarAction","token":"c697b2","_route":"_wdt"},"request_uri":"http://weblinks/_profiler/wdt/c697b2"} []
[2015-08-28 11:28:44] WebLinks.INFO: Populated the TokenStorage with an anonymous Token. [] []
[2015-08-28 11:28:44] WebLinks.INFO: > GET /_profiler/wdt/c697b2 [] []
[2015-08-28 11:28:45] WebLinks.INFO: < 200 [] []
[2015-08-28 11:28:53] WebLinks.INFO: Matched route "login_check". {"route_parameters":{"_controller":null,"_route":"login_check"},"request_uri":"http://weblinks/login_check"} []
[2015-08-28 11:28:54] WebLinks.INFO: User has been authenticated successfully. {"username":"admin"} []
[2015-08-28 11:28:54] WebLinks.INFO: < 302 http://weblinks/ [] []
[2015-08-28 11:28:54] WebLinks.INFO: Matched route "GET_". {"route_parameters":{"_controller":"WebLinks\\Controller\\HomeController::indexAction","_route":"GET_"},"request_uri":"http://weblinks/"} []
[2015-08-28 11:28:54] WebLinks.INFO: > GET / [] []
[2015-08-28 11:28:54] WebLinks.INFO: < 200 [] []
[2015-08-28 11:28:54] WebLinks.INFO: Matched route "_wdt". {"route_parameters":{"_controller":"web_profiler.controller.profiler:toolbarAction","token":"534fdb","_route":"_wdt"},"request_uri":"http://weblinks/_profiler/wdt/534fdb"} []
[2015-08-28 11:28:54] WebLinks.INFO: > GET /_profiler/wdt/534fdb [] []
[2015-08-28 11:28:56] WebLinks.INFO: < 200 [] []
[2015-08-28 11:28:58] WebLinks.INFO: Matched route "GET_admin". {"route_parameters":{"_controller":"WebLinks\\Controller\\AdminController::indexAction","_route":"GET_admin"},"request_uri":"http://weblinks/admin"} []
[2015-08-28 11:28:58] WebLinks.INFO: > GET /admin [] []
[2015-08-28 11:28:58] WebLinks.INFO: < 200 [] []
[2015-08-28 11:28:58] WebLinks.INFO: Matched route "_wdt". {"route_parameters":{"_controller":"web_profiler.controller.profiler:toolbarAction","token":"6c4a11","_route":"_wdt"},"request_uri":"http://weblinks/_profiler/wdt/6c4a11"} []
[2015-08-28 11:28:58] WebLinks.INFO: > GET /_profiler/wdt/6c4a11 [] []
[2015-08-28 11:28:59] WebLinks.INFO: < 200 [] []
[2015-08-28 11:29:06] WebLinks.INFO: Matched route "_admin_link_id_edit". {"route_parameters":{"_controller":"WebLinks\\Controller\\AdminController::editLinkAction","id":"4","_route":"_admin_link_id_edit"},"request_uri":"http://weblinks/admin/link/4/edit"} []
[2015-08-28 11:29:06] WebLinks.INFO: > GET /admin/link/4/edit [] []
[2015-08-28 11:29:08] WebLinks.INFO: < 200 [] []
[2015-08-28 11:29:08] WebLinks.INFO: Matched route "_wdt". {"route_parameters":{"_controller":"web_profiler.controller.profiler:toolbarAction","token":"c57731","_route":"_wdt"},"request_uri":"http://weblinks/_profiler/wdt/c57731"} []
[2015-08-28 11:29:08] WebLinks.INFO: > GET /_profiler/wdt/c57731 [] []
[2015-08-28 11:29:09] WebLinks.INFO: < 200 [] []
[2015-08-28 11:29:12] WebLinks.INFO: Matched route "_admin_link_id_edit". {"route_parameters":{"_controller":"WebLinks\\Controller\\AdminController::editLinkAction","id":"4","_route":"_admin_link_id_edit"},"request_uri":"http://weblinks/admin/link/4/edit"} []
[2015-08-28 11:29:12] WebLinks.INFO: > POST /admin/link/4/edit [] []
[2015-08-28 11:29:12] WebLinks.INFO: < 200 [] []
[2015-08-28 11:29:13] WebLinks.INFO: Matched route "_wdt". {"route_parameters":{"_controller":"web_profiler.controller.profiler:toolbarAction","token":"561a50","_route":"_wdt"},"request_uri":"http://weblinks/_profiler/wdt/561a50"} []
[2015-08-28 11:29:13] WebLinks.INFO: > GET /_profiler/wdt/561a50 [] []
[2015-08-28 11:29:14] WebLinks.INFO: < 200 [] []
[2015-08-28 11:29:19] WebLinks.INFO: Matched route "_profiler". {"route_parameters":{"_controller":"web_profiler.controller.profiler:panelAction","token":"561a50","_route":"_profiler"},"request_uri":"http://weblinks/_profiler/561a50?panel=form"} []
[2015-08-28 11:29:19] WebLinks.INFO: > GET /_profiler/561a50?panel=form [] []
[2015-08-28 11:29:20] WebLinks.INFO: Matched route "_wdt". {"route_parameters":{"_controller":"web_profiler.controller.profiler:toolbarAction","token":"561a50","_route":"_wdt"},"request_uri":"http://weblinks/_profiler/wdt/561a50?position=normal"} []
[2015-08-28 11:29:20] WebLinks.INFO: Matched route "_profiler_search_bar". {"route_parameters":{"_controller":"web_profiler.controller.profiler:searchBarAction","_route":"_profiler_search_bar"},"request_uri":"http://weblinks/_profiler/search_bar"} []
[2015-08-28 11:29:20] WebLinks.INFO: < 200 [] []
[2015-08-28 11:29:50] WebLinks.INFO: Matched route "_admin_link_id_edit". {"route_parameters":{"_controller":"WebLinks\\Controller\\AdminController::editLinkAction","id":"4","_route":"_admin_link_id_edit"},"request_uri":"http://weblinks/admin/link/4/edit"} []
[2015-08-28 11:29:50] WebLinks.INFO: > GET /admin/link/4/edit [] []
[2015-08-28 11:29:51] WebLinks.INFO: < 200 [] []
[2015-08-28 13:07:14] WebLinks.INFO: Matched route "GET_". {"route_parameters":{"_controller":"WebLinks\\Controller\\HomeController::indexAction","_route":"GET_"},"request_uri":"http://weblinks/"} []
[2015-08-28 13:07:15] WebLinks.INFO: > GET / [] []
[2015-08-28 13:07:15] WebLinks.INFO: < 200 [] []
[2015-08-28 13:07:15] WebLinks.INFO: Matched route "_wdt". {"route_parameters":{"_controller":"web_profiler.controller.profiler:toolbarAction","token":"e1a38a","_route":"_wdt"},"request_uri":"http://weblinks/_profiler/wdt/e1a38a"} []
[2015-08-28 13:07:16] WebLinks.INFO: > GET /_profiler/wdt/e1a38a [] []
[2015-08-28 13:07:17] WebLinks.INFO: < 200 [] []
